<?xml version="1.0" encoding="UTF-8"?>
<!-- Generated by org.testng.reporters.JUnitXMLReporter -->
<testsuite ignored="3" hostname="LAPTOP-KQD2HIRQ" failures="1" tests="5" name="MyRetryTest" time="36.22" errors="0" timestamp="2022-12-30T10:00:05 IST">
  <testcase classname="testCases.ManageProductTestCases" name="validateUploadedFileIsPreviewDisplayed" time="5.383">
    <skipped/>
  </testcase> <!-- validateUploadedFileIsPreviewDisplayed -->
  <testcase classname="testCases.ManageProductTestCases" name="validateUploadedFileIsPreviewDisplayed" time="5.112">
    <skipped/>
  </testcase> <!-- validateUploadedFileIsPreviewDisplayed -->
  <testcase classname="testCases.ManageProductTestCases" name="validateUploadedFileIsPreviewDisplayed" time="5.047">
    <skipped/>
  </testcase> <!-- validateUploadedFileIsPreviewDisplayed -->
  <testcase classname="testCases.ManageProductTestCases" name="validateUploadedFileIsPreviewDisplayed" time="5.051">
    <skipped/>
  </testcase> <!-- validateUploadedFileIsPreviewDisplayed -->
  <testcase classname="testCases.ManageProductTestCases" name="validateUploadedFileIsPreviewDisplayed" time="5.129">
    <failure type="org.openqa.selenium.interactions.MoveTargetOutOfBoundsException" message="move target out of bounds
  (Session info: chrome=108.0.5359.125)
Build info: version: &amp;apos;4.4.0&amp;apos;, revision: &amp;apos;e5c75ed026a&amp;apos;
System info: host: &amp;apos;LAPTOP-KQD2HIRQ&amp;apos;, ip: &amp;apos;192.168.1.5&amp;apos;, os.name: &amp;apos;Windows 11&amp;apos;, os.arch: &amp;apos;amd64&amp;apos;, os.version: &amp;apos;10.0&amp;apos;, java.version: &amp;apos;18.0.2.1&amp;apos;
Driver info: org.openqa.selenium.chrome.ChromeDriver
Command: [9d36995ab38107d5e675d044ceaa60f0, actions {actions=[org.openqa.selenium.interactions.Sequence@254f906e]}]
Capabilities {acceptInsecureCerts: false, browserName: chrome, browserVersion: 108.0.5359.125, chrome: {chromedriverVersion: 108.0.5359.71 (1e0e3868ee06..., userDataDir: C:\Users\admin\AppData\Loca...}, goog:chromeOptions: {debuggerAddress: localhost:57052}, networkConnectionEnabled: false, pageLoadStrategy: normal, platformName: WINDOWS, proxy: Proxy(), se:cdp: ws://localhost:57052/devtoo..., se:cdpVersion: 108.0.5359.125, setWindowRect: true, strictFileInteractability: false, timeouts: {implicit: 0, pageLoad: 300000, script: 30000}, unhandledPromptBehavior: dismiss and notify, webauthn:extension:credBlob: true, webauthn:extension:largeBlob: true, webauthn:virtualAuthenticators: true}
Session ID: 9d36995ab38107d5e675d044ceaa60f0">
      <![CDATA[org.openqa.selenium.interactions.MoveTargetOutOfBoundsException: move target out of bounds
  (Session info: chrome=108.0.5359.125)
Build info: version: '4.4.0', revision: 'e5c75ed026a'
System info: host: 'LAPTOP-KQD2HIRQ', ip: '192.168.1.5', os.name: 'Windows 11', os.arch: 'amd64', os.version: '10.0', java.version: '18.0.2.1'
Driver info: org.openqa.selenium.chrome.ChromeDriver
Command: [9d36995ab38107d5e675d044ceaa60f0, actions {actions=[org.openqa.selenium.interactions.Sequence@254f906e]}]
Capabilities {acceptInsecureCerts: false, browserName: chrome, browserVersion: 108.0.5359.125, chrome: {chromedriverVersion: 108.0.5359.71 (1e0e3868ee06..., userDataDir: C:\Users\admin\AppData\Loca...}, goog:chromeOptions: {debuggerAddress: localhost:57052}, networkConnectionEnabled: false, pageLoadStrategy: normal, platformName: WINDOWS, proxy: Proxy(), se:cdp: ws://localhost:57052/devtoo..., se:cdpVersion: 108.0.5359.125, setWindowRect: true, strictFileInteractability: false, timeouts: {implicit: 0, pageLoad: 300000, script: 30000}, unhandledPromptBehavior: dismiss and notify, webauthn:extension:credBlob: true, webauthn:extension:largeBlob: true, webauthn:virtualAuthenticators: true}
Session ID: 9d36995ab38107d5e675d044ceaa60f0
at org.openqa.selenium.remote.codec.w3c.W3CHttpResponseCodec.createException(W3CHttpResponseCodec.java:200)
at org.openqa.selenium.remote.codec.w3c.W3CHttpResponseCodec.decode(W3CHttpResponseCodec.java:133)
at org.openqa.selenium.remote.codec.w3c.W3CHttpResponseCodec.decode(W3CHttpResponseCodec.java:53)
at org.openqa.selenium.remote.HttpCommandExecutor.execute(HttpCommandExecutor.java:184)
at org.openqa.selenium.remote.service.DriverCommandExecutor.invokeExecute(DriverCommandExecutor.java:167)
at org.openqa.selenium.remote.service.DriverCommandExecutor.execute(DriverCommandExecutor.java:142)
at org.openqa.selenium.remote.RemoteWebDriver.execute(RemoteWebDriver.java:547)
at org.openqa.selenium.remote.RemoteWebDriver.perform(RemoteWebDriver.java:615)
at org.openqa.selenium.interactions.Actions$BuiltAction.perform(Actions.java:567)
at org.openqa.selenium.interactions.Actions.perform(Actions.java:536)
at utilities.FileHandling.fileUpload(FileHandling.java:19)
at elementRepository.ManageProduct.verifyUploadedFileIsPreviewDisplayed(ManageProduct.java:73)
at testCases.ManageProductTestCases.validateUploadedFileIsPreviewDisplayed(ManageProductTestCases.java:51)
at java.base/java.util.ArrayList.forEach(ArrayList.java:1511)
... Removed 28 stack frames]]>
    </failure>
  </testcase> <!-- validateUploadedFileIsPreviewDisplayed -->
  <testcase classname="testCases.ManageProductTestCases" name="validateStylePropertyOfSaveButton" time="0.0">
    <ignored/>
  </testcase> <!-- validateStylePropertyOfSaveButton -->
  <testcase classname="testCases.ManageProductTestCases" name="validateVegIsSelectedByDefault" time="0.0">
    <ignored/>
  </testcase> <!-- validateVegIsSelectedByDefault -->
  <testcase classname="testCases.ManageProductTestCases" name="validateStockIsYesByDefault" time="0.0">
    <ignored/>
  </testcase> <!-- validateStockIsYesByDefault -->
</testsuite> <!-- MyRetryTest -->
